{
  "stats": {
    "suites": 1,
    "tests": 1,
    "passes": 1,
    "pending": 0,
    "failures": 0,
    "start": "2024-08-07T11:56:55.252Z",
    "end": "2024-08-07T11:56:59.132Z",
    "duration": 3880,
    "testsRegistered": 1,
    "passPercent": 100,
    "pendingPercent": 0,
    "other": 0,
    "hasOther": false,
    "skipped": 0,
    "hasSkipped": false
  },
  "results": [
    {
      "uuid": "13d698dd-7134-401c-b1e5-52bf7ddda684",
      "title": "",
      "fullFile": "cypress/e2e/register_code_incorrect.cy.js",
      "file": "cypress/e2e/register_code_incorrect.cy.js",
      "beforeHooks": [],
      "afterHooks": [],
      "tests": [],
      "suites": [
        {
          "uuid": "a909efda-23db-4d22-b9d4-e3a3c84976aa",
          "title": "",
          "fullFile": "",
          "file": "",
          "beforeHooks": [],
          "afterHooks": [],
          "tests": [
            {
              "title": "",
              "fullTitle": " ",
              "timedOut": null,
              "duration": 2355,
              "state": "passed",
              "speed": "fast",
              "pass": true,
              "fail": false,
              "pending": false,
              "context": null,
              "code": "cy.visit('https://adopet-frontend-cypress.vercel.app/');\ncy.contains('a', 'Cadastrar').click();\ncy.get('input[name=\"nome\"').type('Julios');\ncy.get('input[name=\"email\"]').type('julios@cesar.com');\ncy.get('input[name=\"password\"]').type('Senha123');\ncy.get('input[name=\"confirm_password\"]').type('Senha123');\n// cy.contains('button', 'Cadastrar').click();\ncy.get('[data-test=\"submit-button\"]').click();\n// cy.get('[data-test=\"submit-button\"]').click();",
              "err": {},
              "uuid": "6518f99f-24b9-42cd-9c56-07ac4d8da419",
              "parentUUID": "a909efda-23db-4d22-b9d4-e3a3c84976aa",
              "isHook": false,
              "skipped": false
            }
          ],
          "suites": [],
          "passes": [
            "6518f99f-24b9-42cd-9c56-07ac4d8da419"
          ],
          "failures": [],
          "pending": [],
          "skipped": [],
          "duration": 2355,
          "root": false,
          "rootEmpty": false,
          "_timeout": 2000
        }
      ],
      "passes": [],
      "failures": [],
      "pending": [],
      "skipped": [],
      "duration": 0,
      "root": true,
      "rootEmpty": true,
      "_timeout": 2000
    }
  ],
  "meta": {
    "mocha": {
      "version": "7.0.1"
    },
    "mochawesome": {
      "options": {
        "quiet": false,
        "reportFilename": "mochawesome",
        "saveHtml": true,
        "saveJson": true,
        "consoleReporter": "spec",
        "useInlineDiffs": false,
        "code": true
      },
      "version": "7.1.3"
    },
    "marge": {
      "options": {
        "reportDir": "cypress/results",
        "overwrite": false,
        "html": true,
        "json": true,
        "timestamp": "mmddyyyy_HHMMss"
      },
      "version": "6.2.0"
    }
  }
}