{
  "stats": {
    "suites": 1,
    "tests": 1,
    "passes": 1,
    "pending": 0,
    "failures": 0,
    "start": "2024-08-06T01:23:37.519Z",
    "end": "2024-08-06T01:23:40.256Z",
    "duration": 2737,
    "testsRegistered": 1,
    "passPercent": 100,
    "pendingPercent": 0,
    "other": 0,
    "hasOther": false,
    "skipped": 0,
    "hasSkipped": false
  },
  "results": [
    {
      "uuid": "9553fde9-0076-4557-9051-89ebe6ea94a5",
      "title": "",
      "fullFile": "cypress/e2e/header_correto.cy.js",
      "file": "cypress/e2e/header_correto.cy.js",
      "beforeHooks": [],
      "afterHooks": [],
      "tests": [],
      "suites": [
        {
          "uuid": "13cb8007-b15f-426a-bbf9-49f65c8fad43",
          "title": "Entrar no AdoPet",
          "fullFile": "",
          "file": "",
          "beforeHooks": [],
          "afterHooks": [],
          "tests": [
            {
              "title": "Visitar a página principal do AdoPet, clicar no icone de mensagens e fazer login e senha válidos",
              "fullTitle": "Entrar no AdoPet Visitar a página principal do AdoPet, clicar no icone de mensagens e fazer login e senha válidos",
              "timedOut": null,
              "duration": 1392,
              "state": "passed",
              "speed": "fast",
              "pass": true,
              "fail": false,
              "pending": false,
              "context": null,
              "code": "cy.get('.header__message').click();\ncy.get('[data-test=\"input-loginEmail\"]').type(\"ana@gmail.com\");\ncy.get('[data-test=\"input-loginPassword\"]').type(\"Senha123\");\ncy.get('[data-test=\"submit-button\"]').click();",
              "err": {},
              "uuid": "41f3eaa1-6a02-4238-9d2a-207e27abbfc2",
              "parentUUID": "13cb8007-b15f-426a-bbf9-49f65c8fad43",
              "isHook": false,
              "skipped": false
            }
          ],
          "suites": [],
          "passes": [
            "41f3eaa1-6a02-4238-9d2a-207e27abbfc2"
          ],
          "failures": [],
          "pending": [],
          "skipped": [],
          "duration": 1392,
          "root": false,
          "rootEmpty": false,
          "_timeout": 2000
        }
      ],
      "passes": [],
      "failures": [],
      "pending": [],
      "skipped": [],
      "duration": 0,
      "root": true,
      "rootEmpty": true,
      "_timeout": 2000
    }
  ],
  "meta": {
    "mocha": {
      "version": "7.0.1"
    },
    "mochawesome": {
      "options": {
        "quiet": false,
        "reportFilename": "mochawesome",
        "saveHtml": true,
        "saveJson": true,
        "consoleReporter": "spec",
        "useInlineDiffs": false,
        "code": true
      },
      "version": "7.1.3"
    },
    "marge": {
      "options": {
        "reportDir": "cypress/results",
        "overwrite": false,
        "html": true,
        "json": true,
        "timestamp": "mmddyyyy_HHMMss"
      },
      "version": "6.2.0"
    }
  }
}