{
  "stats": {
    "suites": 1,
    "tests": 1,
    "passes": 1,
    "pending": 0,
    "failures": 0,
    "start": "2024-08-06T01:23:20.977Z",
    "end": "2024-08-06T01:23:23.584Z",
    "duration": 2607,
    "testsRegistered": 1,
    "passPercent": 100,
    "pendingPercent": 0,
    "other": 0,
    "hasOther": false,
    "skipped": 0,
    "hasSkipped": false
  },
  "results": [
    {
      "uuid": "6613be49-890d-4fbb-bfe1-2367c4334072",
      "title": "",
      "fullFile": "cypress/e2e/buttons_header.spec.cy.js",
      "file": "cypress/e2e/buttons_header.spec.cy.js",
      "beforeHooks": [],
      "afterHooks": [],
      "tests": [],
      "suites": [
        {
          "uuid": "95752e61-70a6-461c-a8c0-eac24b070e3f",
          "title": "Visitar o AdoPet",
          "fullFile": "",
          "file": "",
          "beforeHooks": [],
          "afterHooks": [],
          "tests": [
            {
              "title": "Testar os botões do header",
              "fullTitle": "Visitar o AdoPet Testar os botões do header",
              "timedOut": null,
              "duration": 1200,
              "state": "passed",
              "speed": "fast",
              "pass": true,
              "fail": false,
              "pending": false,
              "context": null,
              "code": "cy.visit('https://adopet-frontend-cypress.vercel.app/');\ncy.get('.header__home').click();",
              "err": {},
              "uuid": "3b4d5967-ad88-4b85-93fe-54fd32472173",
              "parentUUID": "95752e61-70a6-461c-a8c0-eac24b070e3f",
              "isHook": false,
              "skipped": false
            }
          ],
          "suites": [],
          "passes": [
            "3b4d5967-ad88-4b85-93fe-54fd32472173"
          ],
          "failures": [],
          "pending": [],
          "skipped": [],
          "duration": 1200,
          "root": false,
          "rootEmpty": false,
          "_timeout": 2000
        }
      ],
      "passes": [],
      "failures": [],
      "pending": [],
      "skipped": [],
      "duration": 0,
      "root": true,
      "rootEmpty": true,
      "_timeout": 2000
    }
  ],
  "meta": {
    "mocha": {
      "version": "7.0.1"
    },
    "mochawesome": {
      "options": {
        "quiet": false,
        "reportFilename": "mochawesome",
        "saveHtml": true,
        "saveJson": true,
        "consoleReporter": "spec",
        "useInlineDiffs": false,
        "code": true
      },
      "version": "7.1.3"
    },
    "marge": {
      "options": {
        "reportDir": "cypress/results",
        "overwrite": false,
        "html": true,
        "json": true,
        "timestamp": "mmddyyyy_HHMMss"
      },
      "version": "6.2.0"
    }
  }
}