{
  "stats": {
    "suites": 1,
    "tests": 1,
    "passes": 1,
    "pending": 0,
    "failures": 0,
    "start": "2024-08-06T01:31:32.038Z",
    "end": "2024-08-06T01:31:36.109Z",
    "duration": 4071,
    "testsRegistered": 1,
    "passPercent": 100,
    "pendingPercent": 0,
    "other": 0,
    "hasOther": false,
    "skipped": 0,
    "hasSkipped": false
  },
  "results": [
    {
      "uuid": "ad1eea25-8806-47f8-ba6f-da8d03475c9f",
      "title": "",
      "fullFile": "cypress/e2e/cadastro-correto.cy.js",
      "file": "cypress/e2e/cadastro-correto.cy.js",
      "beforeHooks": [],
      "afterHooks": [],
      "tests": [],
      "suites": [
        {
          "uuid": "35c165ed-0ca6-48bd-bf0d-7877182d8a72",
          "title": "Página de cadastro",
          "fullFile": "",
          "file": "",
          "beforeHooks": [],
          "afterHooks": [],
          "tests": [
            {
              "title": "Deve preencher os campos do formulário corretamente para cadastrar um novo usuário",
              "fullTitle": "Página de cadastro Deve preencher os campos do formulário corretamente para cadastrar um novo usuário",
              "timedOut": null,
              "duration": 2536,
              "state": "passed",
              "speed": "fast",
              "pass": true,
              "fail": false,
              "pending": false,
              "context": null,
              "code": "// cy.visit('https://adopet-frontend-cypress.vercel.app');\n// cy.get('[data-test=\"register-button\"]').click();\ncy.register('Astrognaldigena Louro', 'louro@email.com', 'Senha123', 'Senha123');\n//or\n// cy.get('[data-test=\"input-name\"]').type('Astrognaldigena Louro');\n// cy.get('[data-test=\"input-email\"]').type('louro@email.com');\n// cy.get('[data-test=\"input-password\"]').type('Senha123');\n// cy.get('[data-test=\"input-confirm-password\"]').type('Senha123');\n// cy.get('[data-test=\"submit-button\"]').click();",
              "err": {},
              "uuid": "76396190-492e-4bcd-9323-d38e67e09800",
              "parentUUID": "35c165ed-0ca6-48bd-bf0d-7877182d8a72",
              "isHook": false,
              "skipped": false
            }
          ],
          "suites": [],
          "passes": [
            "76396190-492e-4bcd-9323-d38e67e09800"
          ],
          "failures": [],
          "pending": [],
          "skipped": [],
          "duration": 2536,
          "root": false,
          "rootEmpty": false,
          "_timeout": 2000
        }
      ],
      "passes": [],
      "failures": [],
      "pending": [],
      "skipped": [],
      "duration": 0,
      "root": true,
      "rootEmpty": true,
      "_timeout": 2000
    }
  ],
  "meta": {
    "mocha": {
      "version": "7.0.1"
    },
    "mochawesome": {
      "options": {
        "quiet": false,
        "reportFilename": "mochawesome",
        "saveHtml": true,
        "saveJson": true,
        "consoleReporter": "spec",
        "useInlineDiffs": false,
        "code": true
      },
      "version": "7.1.3"
    },
    "marge": {
      "options": {
        "reportDir": "cypress/results",
        "overwrite": false,
        "html": true,
        "json": true,
        "timestamp": "mmddyyyy_HHMMss"
      },
      "version": "6.2.0"
    }
  }
}