{
  "stats": {
    "suites": 1,
    "tests": 1,
    "passes": 1,
    "pending": 0,
    "failures": 0,
    "start": "2024-08-07T11:55:58.052Z",
    "end": "2024-08-07T11:56:00.181Z",
    "duration": 2129,
    "testsRegistered": 1,
    "passPercent": 100,
    "pendingPercent": 0,
    "other": 0,
    "hasOther": false,
    "skipped": 0,
    "hasSkipped": false
  },
  "results": [
    {
      "uuid": "50311d2f-f695-4dde-8574-7cc10628f90f",
      "title": "",
      "fullFile": "cypress/e2e/card.cy.js",
      "file": "cypress/e2e/card.cy.js",
      "beforeHooks": [],
      "afterHooks": [],
      "tests": [],
      "suites": [
        {
          "uuid": "4df259b2-8945-4e38-a89e-dbff2ee4b825",
          "title": "Acessar o AdoPet",
          "fullFile": "",
          "file": "",
          "beforeHooks": [],
          "afterHooks": [],
          "tests": [
            {
              "title": "Confirmar existencia de imagens",
              "fullTitle": "Acessar o AdoPet Confirmar existencia de imagens",
              "timedOut": null,
              "duration": 458,
              "state": "passed",
              "speed": "fast",
              "pass": true,
              "fail": false,
              "pending": false,
              "context": null,
              "code": "cy.get('.cards').should('be.visible');",
              "err": {},
              "uuid": "ecf16b0e-5256-4295-a70b-d686cafa485a",
              "parentUUID": "4df259b2-8945-4e38-a89e-dbff2ee4b825",
              "isHook": false,
              "skipped": false
            }
          ],
          "suites": [],
          "passes": [
            "ecf16b0e-5256-4295-a70b-d686cafa485a"
          ],
          "failures": [],
          "pending": [],
          "skipped": [],
          "duration": 458,
          "root": false,
          "rootEmpty": false,
          "_timeout": 2000
        }
      ],
      "passes": [],
      "failures": [],
      "pending": [],
      "skipped": [],
      "duration": 0,
      "root": true,
      "rootEmpty": true,
      "_timeout": 2000
    }
  ],
  "meta": {
    "mocha": {
      "version": "7.0.1"
    },
    "mochawesome": {
      "options": {
        "quiet": false,
        "reportFilename": "mochawesome",
        "saveHtml": true,
        "saveJson": true,
        "consoleReporter": "spec",
        "useInlineDiffs": false,
        "code": true
      },
      "version": "7.1.3"
    },
    "marge": {
      "options": {
        "reportDir": "cypress/results",
        "overwrite": false,
        "html": true,
        "json": true,
        "timestamp": "mmddyyyy_HHMMss"
      },
      "version": "6.2.0"
    }
  }
}