{
  "stats": {
    "suites": 1,
    "tests": 1,
    "passes": 1,
    "pending": 0,
    "failures": 0,
    "start": "2024-08-06T01:23:26.074Z",
    "end": "2024-08-06T01:23:29.913Z",
    "duration": 3839,
    "testsRegistered": 1,
    "passPercent": 100,
    "pendingPercent": 0,
    "other": 0,
    "hasOther": false,
    "skipped": 0,
    "hasSkipped": false
  },
  "results": [
    {
      "uuid": "f30d32f5-c5c8-4561-9492-c1a580066287",
      "title": "",
      "fullFile": "cypress/e2e/cadastro-correto.cy.js",
      "file": "cypress/e2e/cadastro-correto.cy.js",
      "beforeHooks": [],
      "afterHooks": [],
      "tests": [],
      "suites": [
        {
          "uuid": "08b84d67-b977-47cc-b508-1ba2338a2b11",
          "title": "Página de cadastro",
          "fullFile": "",
          "file": "",
          "beforeHooks": [],
          "afterHooks": [],
          "tests": [
            {
              "title": "Deve preencher os campos do formulário corretamente para cadastrar um novo usuário",
              "fullTitle": "Página de cadastro Deve preencher os campos do formulário corretamente para cadastrar um novo usuário",
              "timedOut": null,
              "duration": 2486,
              "state": "passed",
              "speed": "fast",
              "pass": true,
              "fail": false,
              "pending": false,
              "context": null,
              "code": "// cy.visit('https://adopet-frontend-cypress.vercel.app');\n// cy.get('[data-test=\"register-button\"]').click();\ncy.register('Astrognaldigena Louro', 'louro@email.com', 'Senha123', 'Senha123');\n//or\n// cy.get('[data-test=\"input-name\"]').type('Astrognaldigena Louro');\n// cy.get('[data-test=\"input-email\"]').type('louro@email.com');\n// cy.get('[data-test=\"input-password\"]').type('Senha123');\n// cy.get('[data-test=\"input-confirm-password\"]').type('Senha123');\n// cy.get('[data-test=\"submit-button\"]').click();",
              "err": {},
              "uuid": "80122e3c-d075-4a36-8645-743f07b0e466",
              "parentUUID": "08b84d67-b977-47cc-b508-1ba2338a2b11",
              "isHook": false,
              "skipped": false
            }
          ],
          "suites": [],
          "passes": [
            "80122e3c-d075-4a36-8645-743f07b0e466"
          ],
          "failures": [],
          "pending": [],
          "skipped": [],
          "duration": 2486,
          "root": false,
          "rootEmpty": false,
          "_timeout": 2000
        }
      ],
      "passes": [],
      "failures": [],
      "pending": [],
      "skipped": [],
      "duration": 0,
      "root": true,
      "rootEmpty": true,
      "_timeout": 2000
    }
  ],
  "meta": {
    "mocha": {
      "version": "7.0.1"
    },
    "mochawesome": {
      "options": {
        "quiet": false,
        "reportFilename": "mochawesome",
        "saveHtml": true,
        "saveJson": true,
        "consoleReporter": "spec",
        "useInlineDiffs": false,
        "code": true
      },
      "version": "7.1.3"
    },
    "marge": {
      "options": {
        "reportDir": "cypress/results",
        "overwrite": false,
        "html": true,
        "json": true,
        "timestamp": "mmddyyyy_HHMMss"
      },
      "version": "6.2.0"
    }
  }
}