{
  "stats": {
    "suites": 1,
    "tests": 3,
    "passes": 3,
    "pending": 0,
    "failures": 0,
    "start": "2024-08-06T01:23:53.253Z",
    "end": "2024-08-06T01:23:55.216Z",
    "duration": 1963,
    "testsRegistered": 3,
    "passPercent": 100,
    "pendingPercent": 0,
    "other": 0,
    "hasOther": false,
    "skipped": 0,
    "hasSkipped": false
  },
  "results": [
    {
      "uuid": "4f3ab7b4-6576-4309-8d6a-b8a242b35858",
      "title": "",
      "fullFile": "cypress/e2e/login.spec.cy.js",
      "file": "cypress/e2e/login.spec.cy.js",
      "beforeHooks": [],
      "afterHooks": [],
      "tests": [],
      "suites": [
        {
          "uuid": "de89c940-ec18-4dcf-af6a-5a5cd0ddace4",
          "title": "Visita página de Adopet",
          "fullFile": "",
          "file": "",
          "beforeHooks": [],
          "afterHooks": [],
          "tests": [
            {
              "title": "Visitar pagina de login",
              "fullTitle": "Visita página de Adopet Visitar pagina de login",
              "timedOut": null,
              "duration": 191,
              "state": "passed",
              "speed": "fast",
              "pass": true,
              "fail": false,
              "pending": false,
              "context": null,
              "code": "cy.visit('https://adopet-frontend-cypress.vercel.app/login');",
              "err": {},
              "uuid": "da040264-d7fa-4078-b891-74d8c7afb08d",
              "parentUUID": "de89c940-ec18-4dcf-af6a-5a5cd0ddace4",
              "isHook": false,
              "skipped": false
            },
            {
              "title": "Visitar pagina de home",
              "fullTitle": "Visita página de Adopet Visitar pagina de home",
              "timedOut": null,
              "duration": 96,
              "state": "passed",
              "speed": "fast",
              "pass": true,
              "fail": false,
              "pending": false,
              "context": null,
              "code": "cy.visit('https://adopet-frontend-cypress.vercel.app/home');",
              "err": {},
              "uuid": "186d4f13-e295-487b-8cb4-fb3bd5583fd2",
              "parentUUID": "de89c940-ec18-4dcf-af6a-5a5cd0ddace4",
              "isHook": false,
              "skipped": false
            },
            {
              "title": "Falar com Responsavel",
              "fullTitle": "Visita página de Adopet Falar com Responsavel",
              "timedOut": null,
              "duration": 252,
              "state": "passed",
              "speed": "fast",
              "pass": true,
              "fail": false,
              "pending": false,
              "context": null,
              "code": "cy.visit('https://adopet-frontend-cypress.vercel.app/home');\ncy.get('.header__message').click();",
              "err": {},
              "uuid": "2cb27201-62da-4bf1-a1e6-d5a2313f1b03",
              "parentUUID": "de89c940-ec18-4dcf-af6a-5a5cd0ddace4",
              "isHook": false,
              "skipped": false
            }
          ],
          "suites": [],
          "passes": [
            "da040264-d7fa-4078-b891-74d8c7afb08d",
            "186d4f13-e295-487b-8cb4-fb3bd5583fd2",
            "2cb27201-62da-4bf1-a1e6-d5a2313f1b03"
          ],
          "failures": [],
          "pending": [],
          "skipped": [],
          "duration": 539,
          "root": false,
          "rootEmpty": false,
          "_timeout": 2000
        }
      ],
      "passes": [],
      "failures": [],
      "pending": [],
      "skipped": [],
      "duration": 0,
      "root": true,
      "rootEmpty": true,
      "_timeout": 2000
    }
  ],
  "meta": {
    "mocha": {
      "version": "7.0.1"
    },
    "mochawesome": {
      "options": {
        "quiet": false,
        "reportFilename": "mochawesome",
        "saveHtml": true,
        "saveJson": true,
        "consoleReporter": "spec",
        "useInlineDiffs": false,
        "code": true
      },
      "version": "7.1.3"
    },
    "marge": {
      "options": {
        "reportDir": "cypress/results",
        "overwrite": false,
        "html": true,
        "json": true,
        "timestamp": "mmddyyyy_HHMMss"
      },
      "version": "6.2.0"
    }
  }
}