{
  "stats": {
    "suites": 1,
    "tests": 1,
    "passes": 1,
    "pending": 0,
    "failures": 0,
    "start": "2024-08-07T11:34:08.773Z",
    "end": "2024-08-07T11:34:12.239Z",
    "duration": 3466,
    "testsRegistered": 1,
    "passPercent": 100,
    "pendingPercent": 0,
    "other": 0,
    "hasOther": false,
    "skipped": 0,
    "hasSkipped": false
  },
  "results": [
    {
      "uuid": "b1a574dd-8ab7-47d1-ad6d-bfc75eb92175",
      "title": "",
      "fullFile": "cypress/e2e/register_correct.cy.js",
      "file": "cypress/e2e/register_correct.cy.js",
      "beforeHooks": [],
      "afterHooks": [],
      "tests": [],
      "suites": [
        {
          "uuid": "dae553e0-5da9-4b38-bc8e-3f8693cecc03",
          "title": "Pagina de cadastro",
          "fullFile": "",
          "file": "",
          "beforeHooks": [],
          "afterHooks": [],
          "tests": [
            {
              "title": "Realizar o cadastro corretamente",
              "fullTitle": "Pagina de cadastro Realizar o cadastro corretamente",
              "timedOut": null,
              "duration": 1907,
              "state": "passed",
              "speed": "fast",
              "pass": true,
              "fail": false,
              "pending": false,
              "context": null,
              "code": "cy.register('Felipe', 'felipe@felipe.com', 'Senha123', 'Senha123');\ncy.get('[data-test=\"submit-button\"]').click();",
              "err": {},
              "uuid": "d9df6eea-bcfb-4966-a443-51788e892b60",
              "parentUUID": "dae553e0-5da9-4b38-bc8e-3f8693cecc03",
              "isHook": false,
              "skipped": false
            }
          ],
          "suites": [],
          "passes": [
            "d9df6eea-bcfb-4966-a443-51788e892b60"
          ],
          "failures": [],
          "pending": [],
          "skipped": [],
          "duration": 1907,
          "root": false,
          "rootEmpty": false,
          "_timeout": 2000
        }
      ],
      "passes": [],
      "failures": [],
      "pending": [],
      "skipped": [],
      "duration": 0,
      "root": true,
      "rootEmpty": true,
      "_timeout": 2000
    }
  ],
  "meta": {
    "mocha": {
      "version": "7.0.1"
    },
    "mochawesome": {
      "options": {
        "quiet": false,
        "reportFilename": "mochawesome",
        "saveHtml": true,
        "saveJson": true,
        "consoleReporter": "spec",
        "useInlineDiffs": false,
        "code": true
      },
      "version": "7.1.3"
    },
    "marge": {
      "options": {
        "reportDir": "cypress/results",
        "overwrite": false,
        "html": true,
        "json": true,
        "timestamp": "mmddyyyy_HHMMss"
      },
      "version": "6.2.0"
    }
  }
}