{
  "stats": {
    "suites": 1,
    "tests": 1,
    "passes": 1,
    "pending": 0,
    "failures": 0,
    "start": "2024-08-06T01:23:57.631Z",
    "end": "2024-08-06T01:23:59.251Z",
    "duration": 1620,
    "testsRegistered": 1,
    "passPercent": 100,
    "pendingPercent": 0,
    "other": 0,
    "hasOther": false,
    "skipped": 0,
    "hasSkipped": false
  },
  "results": [
    {
      "uuid": "d916a0a3-d4dc-45fc-92e1-2c4e4266056d",
      "title": "",
      "fullFile": "cypress/e2e/view_pets.spec.cy.js",
      "file": "cypress/e2e/view_pets.spec.cy.js",
      "beforeHooks": [],
      "afterHooks": [],
      "tests": [],
      "suites": [
        {
          "uuid": "2888fabc-dd5d-41cf-8c9d-873ad12b299f",
          "title": "Visitar a página principal do AdoPet",
          "fullFile": "",
          "file": "",
          "beforeHooks": [],
          "afterHooks": [],
          "tests": [
            {
              "title": "clicar no botão Entrar e \"Ver pets disponíveis para adoção\"",
              "fullTitle": "Visitar a página principal do AdoPet clicar no botão Entrar e \"Ver pets disponíveis para adoção\"",
              "timedOut": null,
              "duration": 262,
              "state": "passed",
              "speed": "fast",
              "pass": true,
              "fail": false,
              "pending": false,
              "context": null,
              "code": "// cy.visit('https://adopet-frontend-cypress.vercel.app/');\n// cy.get('.button').click();    \ncy.contains('p', 'Adotar pode mudar uma vida. Que tal buscar seu novo melhor amigo hoje? Vem com a gente!').should('be.visible');",
              "err": {},
              "uuid": "b0ea48c8-4696-449a-af60-c866f4c88549",
              "parentUUID": "2888fabc-dd5d-41cf-8c9d-873ad12b299f",
              "isHook": false,
              "skipped": false
            }
          ],
          "suites": [],
          "passes": [
            "b0ea48c8-4696-449a-af60-c866f4c88549"
          ],
          "failures": [],
          "pending": [],
          "skipped": [],
          "duration": 262,
          "root": false,
          "rootEmpty": false,
          "_timeout": 2000
        }
      ],
      "passes": [],
      "failures": [],
      "pending": [],
      "skipped": [],
      "duration": 0,
      "root": true,
      "rootEmpty": true,
      "_timeout": 2000
    }
  ],
  "meta": {
    "mocha": {
      "version": "7.0.1"
    },
    "mochawesome": {
      "options": {
        "quiet": false,
        "reportFilename": "mochawesome",
        "saveHtml": true,
        "saveJson": true,
        "consoleReporter": "spec",
        "useInlineDiffs": false,
        "code": true
      },
      "version": "7.1.3"
    },
    "marge": {
      "options": {
        "reportDir": "cypress/results",
        "overwrite": false,
        "html": true,
        "json": true,
        "timestamp": "mmddyyyy_HHMMss"
      },
      "version": "6.2.0"
    }
  }
}