{
  "stats": {
    "suites": 1,
    "tests": 1,
    "passes": 1,
    "pending": 0,
    "failures": 0,
    "start": "2024-08-06T01:31:23.030Z",
    "end": "2024-08-06T01:31:25.801Z",
    "duration": 2771,
    "testsRegistered": 1,
    "passPercent": 100,
    "pendingPercent": 0,
    "other": 0,
    "hasOther": false,
    "skipped": 0,
    "hasSkipped": false
  },
  "results": [
    {
      "uuid": "0eb763c4-a8e4-4c6d-8bfe-7b978b23ffab",
      "title": "",
      "fullFile": "cypress/e2e/buttons_header.spec.cy.js",
      "file": "cypress/e2e/buttons_header.spec.cy.js",
      "beforeHooks": [],
      "afterHooks": [],
      "tests": [],
      "suites": [
        {
          "uuid": "7090ca4c-337e-4c2e-a256-4c8c23135933",
          "title": "Visitar o AdoPet",
          "fullFile": "",
          "file": "",
          "beforeHooks": [],
          "afterHooks": [],
          "tests": [
            {
              "title": "Testar os botões do header",
              "fullTitle": "Visitar o AdoPet Testar os botões do header",
              "timedOut": null,
              "duration": 1291,
              "state": "passed",
              "speed": "fast",
              "pass": true,
              "fail": false,
              "pending": false,
              "context": null,
              "code": "cy.visit('https://adopet-frontend-cypress.vercel.app/');\ncy.get('.header__home').click();",
              "err": {},
              "uuid": "867c6f5f-d4b5-460b-a6ec-26ca34b1682b",
              "parentUUID": "7090ca4c-337e-4c2e-a256-4c8c23135933",
              "isHook": false,
              "skipped": false
            }
          ],
          "suites": [],
          "passes": [
            "867c6f5f-d4b5-460b-a6ec-26ca34b1682b"
          ],
          "failures": [],
          "pending": [],
          "skipped": [],
          "duration": 1291,
          "root": false,
          "rootEmpty": false,
          "_timeout": 2000
        }
      ],
      "passes": [],
      "failures": [],
      "pending": [],
      "skipped": [],
      "duration": 0,
      "root": true,
      "rootEmpty": true,
      "_timeout": 2000
    }
  ],
  "meta": {
    "mocha": {
      "version": "7.0.1"
    },
    "mochawesome": {
      "options": {
        "quiet": false,
        "reportFilename": "mochawesome",
        "saveHtml": true,
        "saveJson": true,
        "consoleReporter": "spec",
        "useInlineDiffs": false,
        "code": true
      },
      "version": "7.1.3"
    },
    "marge": {
      "options": {
        "reportDir": "cypress/results",
        "overwrite": false,
        "html": true,
        "json": true,
        "timestamp": "mmddyyyy_HHMMss"
      },
      "version": "6.2.0"
    }
  }
}