{
  "stats": {
    "suites": 1,
    "tests": 1,
    "passes": 1,
    "pending": 0,
    "failures": 0,
    "start": "2024-08-06T01:23:32.370Z",
    "end": "2024-08-06T01:23:35.119Z",
    "duration": 2749,
    "testsRegistered": 1,
    "passPercent": 100,
    "pendingPercent": 0,
    "other": 0,
    "hasOther": false,
    "skipped": 0,
    "hasSkipped": false
  },
  "results": [
    {
      "uuid": "ff57c967-5de5-498d-a42d-65174fb294ea",
      "title": "",
      "fullFile": "cypress/e2e/cadastro-incorreto.cy.js",
      "file": "cypress/e2e/cadastro-incorreto.cy.js",
      "beforeHooks": [],
      "afterHooks": [],
      "tests": [],
      "suites": [
        {
          "uuid": "7063d4d0-f13e-44fd-a9a4-8ce77bc54d43",
          "title": "Página de cadastro",
          "fullFile": "",
          "file": "",
          "beforeHooks": [],
          "afterHooks": [],
          "tests": [
            {
              "title": "Preencher os campos do formulário incorretamente e exibir mensagens ao usuário",
              "fullTitle": "Página de cadastro Preencher os campos do formulário incorretamente e exibir mensagens ao usuário",
              "timedOut": null,
              "duration": 1393,
              "state": "passed",
              "speed": "fast",
              "pass": true,
              "fail": false,
              "pending": false,
              "context": null,
              "code": "// cy.visit('https://adopet-frontend-cypress.vercel.app');\n// cy.get('[data-test=\"register-button\"]').click();\n// cy.get('[data-test=\"input-name\"]').type('Astrognaldigena Louro');\n// cy.get('[data-test=\"input-email\"]').type('louro@email.com');\n// cy.get('[data-test=\"input-password\"]').type('Senha123');\n// cy.get('[data-test=\"input-confirm-password\"]').type('Senha123');\ncy.contains('footer', 'Quem ama adota!').should('be.visible');\ncy.title().should('eq', 'AdoPet');\ncy.get('[data-test=\"submit-button\"]').click();\ncy.contains('É necessário informar um endereço de email').should('be.visible');\ncy.contains('Crie uma senha').should('be.visible');\ncy.contains('Repita a senha criada acima').should('be.visible');",
              "err": {},
              "uuid": "4d76656e-c4b8-4b79-91d8-33264f43e147",
              "parentUUID": "7063d4d0-f13e-44fd-a9a4-8ce77bc54d43",
              "isHook": false,
              "skipped": false
            }
          ],
          "suites": [],
          "passes": [
            "4d76656e-c4b8-4b79-91d8-33264f43e147"
          ],
          "failures": [],
          "pending": [],
          "skipped": [],
          "duration": 1393,
          "root": false,
          "rootEmpty": false,
          "_timeout": 2000
        }
      ],
      "passes": [],
      "failures": [],
      "pending": [],
      "skipped": [],
      "duration": 0,
      "root": true,
      "rootEmpty": true,
      "_timeout": 2000
    }
  ],
  "meta": {
    "mocha": {
      "version": "7.0.1"
    },
    "mochawesome": {
      "options": {
        "quiet": false,
        "reportFilename": "mochawesome",
        "saveHtml": true,
        "saveJson": true,
        "consoleReporter": "spec",
        "useInlineDiffs": false,
        "code": true
      },
      "version": "7.1.3"
    },
    "marge": {
      "options": {
        "reportDir": "cypress/results",
        "overwrite": false,
        "html": true,
        "json": true,
        "timestamp": "mmddyyyy_HHMMss"
      },
      "version": "6.2.0"
    }
  }
}