{
  "stats": {
    "suites": 1,
    "tests": 1,
    "passes": 1,
    "pending": 0,
    "failures": 0,
    "start": "2024-08-07T12:04:36.411Z",
    "end": "2024-08-07T12:04:39.999Z",
    "duration": 3588,
    "testsRegistered": 1,
    "passPercent": 100,
    "pendingPercent": 0,
    "other": 0,
    "hasOther": false,
    "skipped": 0,
    "hasSkipped": false
  },
  "results": [
    {
      "uuid": "f4ce83dd-bcbb-4df0-81d4-d4b48bc4bfeb",
      "title": "",
      "fullFile": "cypress/e2e/register_code_incorrect.cy.js",
      "file": "cypress/e2e/register_code_incorrect.cy.js",
      "beforeHooks": [],
      "afterHooks": [],
      "tests": [],
      "suites": [
        {
          "uuid": "2bac2cd0-23f3-4cb3-b7d2-2ab80a046ae2",
          "title": "",
          "fullFile": "",
          "file": "",
          "beforeHooks": [],
          "afterHooks": [],
          "tests": [
            {
              "title": "",
              "fullTitle": " ",
              "timedOut": null,
              "duration": 2281,
              "state": "passed",
              "speed": "fast",
              "pass": true,
              "fail": false,
              "pending": false,
              "context": null,
              "code": "cy.visit('https://adopet-frontend-cypress.vercel.app/');\ncy.contains('a', 'Cadastrar').click();\ncy.get('input[name=\"nome\"').type('Julios');\ncy.get('input[name=\"email\"]').type('julios@cesar.com');\ncy.get('input[name=\"password\"]').type('Senha123');\ncy.get('input[name=\"confirm_password\"]').type('Senha123');\n// cy.contains('button', 'Cadastrar').click();\ncy.get('[data-test=\"submit-button\"]').click();\n// cy.get('[data-test=\"submit-button\"]').click();",
              "err": {},
              "uuid": "12cc2109-9ecc-4a32-a181-53c279cb7e09",
              "parentUUID": "2bac2cd0-23f3-4cb3-b7d2-2ab80a046ae2",
              "isHook": false,
              "skipped": false
            }
          ],
          "suites": [],
          "passes": [
            "12cc2109-9ecc-4a32-a181-53c279cb7e09"
          ],
          "failures": [],
          "pending": [],
          "skipped": [],
          "duration": 2281,
          "root": false,
          "rootEmpty": false,
          "_timeout": 2000
        }
      ],
      "passes": [],
      "failures": [],
      "pending": [],
      "skipped": [],
      "duration": 0,
      "root": true,
      "rootEmpty": true,
      "_timeout": 2000
    }
  ],
  "meta": {
    "mocha": {
      "version": "7.0.1"
    },
    "mochawesome": {
      "options": {
        "quiet": false,
        "reportFilename": "mochawesome",
        "saveHtml": true,
        "saveJson": true,
        "consoleReporter": "spec",
        "useInlineDiffs": false,
        "code": true
      },
      "version": "7.1.3"
    },
    "marge": {
      "options": {
        "reportDir": "cypress/results",
        "overwrite": false,
        "html": true,
        "json": true,
        "timestamp": "mmddyyyy_HHMMss"
      },
      "version": "6.2.0"
    }
  }
}