{
  "stats": {
    "suites": 1,
    "tests": 3,
    "passes": 3,
    "pending": 0,
    "failures": 0,
    "start": "2024-08-06T01:32:16.907Z",
    "end": "2024-08-06T01:32:19.047Z",
    "duration": 2140,
    "testsRegistered": 3,
    "passPercent": 100,
    "pendingPercent": 0,
    "other": 0,
    "hasOther": false,
    "skipped": 0,
    "hasSkipped": false
  },
  "results": [
    {
      "uuid": "7d2ac593-c55f-4954-b9c4-498abee28ddd",
      "title": "",
      "fullFile": "cypress/e2e/login.spec.cy.js",
      "file": "cypress/e2e/login.spec.cy.js",
      "beforeHooks": [],
      "afterHooks": [],
      "tests": [],
      "suites": [
        {
          "uuid": "b9c3374c-84d0-4a71-b067-1aca2064be92",
          "title": "Visita página de Adopet",
          "fullFile": "",
          "file": "",
          "beforeHooks": [],
          "afterHooks": [],
          "tests": [
            {
              "title": "Visitar pagina de login",
              "fullTitle": "Visita página de Adopet Visitar pagina de login",
              "timedOut": null,
              "duration": 207,
              "state": "passed",
              "speed": "fast",
              "pass": true,
              "fail": false,
              "pending": false,
              "context": null,
              "code": "cy.visit('https://adopet-frontend-cypress.vercel.app/login');",
              "err": {},
              "uuid": "c66de006-a7e6-4717-960e-48e756c8560d",
              "parentUUID": "b9c3374c-84d0-4a71-b067-1aca2064be92",
              "isHook": false,
              "skipped": false
            },
            {
              "title": "Visitar pagina de home",
              "fullTitle": "Visita página de Adopet Visitar pagina de home",
              "timedOut": null,
              "duration": 96,
              "state": "passed",
              "speed": "fast",
              "pass": true,
              "fail": false,
              "pending": false,
              "context": null,
              "code": "cy.visit('https://adopet-frontend-cypress.vercel.app/home');",
              "err": {},
              "uuid": "1668e367-af2d-4bb9-8f26-705710c505a0",
              "parentUUID": "b9c3374c-84d0-4a71-b067-1aca2064be92",
              "isHook": false,
              "skipped": false
            },
            {
              "title": "Falar com Responsavel",
              "fullTitle": "Visita página de Adopet Falar com Responsavel",
              "timedOut": null,
              "duration": 261,
              "state": "passed",
              "speed": "fast",
              "pass": true,
              "fail": false,
              "pending": false,
              "context": null,
              "code": "cy.visit('https://adopet-frontend-cypress.vercel.app/home');\ncy.get('.header__message').click();",
              "err": {},
              "uuid": "006e7ac0-41be-4d80-ab0d-7b7234c964cd",
              "parentUUID": "b9c3374c-84d0-4a71-b067-1aca2064be92",
              "isHook": false,
              "skipped": false
            }
          ],
          "suites": [],
          "passes": [
            "c66de006-a7e6-4717-960e-48e756c8560d",
            "1668e367-af2d-4bb9-8f26-705710c505a0",
            "006e7ac0-41be-4d80-ab0d-7b7234c964cd"
          ],
          "failures": [],
          "pending": [],
          "skipped": [],
          "duration": 564,
          "root": false,
          "rootEmpty": false,
          "_timeout": 2000
        }
      ],
      "passes": [],
      "failures": [],
      "pending": [],
      "skipped": [],
      "duration": 0,
      "root": true,
      "rootEmpty": true,
      "_timeout": 2000
    }
  ],
  "meta": {
    "mocha": {
      "version": "7.0.1"
    },
    "mochawesome": {
      "options": {
        "quiet": false,
        "reportFilename": "mochawesome",
        "saveHtml": true,
        "saveJson": true,
        "consoleReporter": "spec",
        "useInlineDiffs": false,
        "code": true
      },
      "version": "7.1.3"
    },
    "marge": {
      "options": {
        "reportDir": "cypress/results",
        "overwrite": false,
        "html": true,
        "json": true,
        "timestamp": "mmddyyyy_HHMMss"
      },
      "version": "6.2.0"
    }
  }
}