{
  "stats": {
    "suites": 1,
    "tests": 1,
    "passes": 1,
    "pending": 0,
    "failures": 0,
    "start": "2024-08-07T11:34:20.263Z",
    "end": "2024-08-07T11:34:22.723Z",
    "duration": 2460,
    "testsRegistered": 1,
    "passPercent": 100,
    "pendingPercent": 0,
    "other": 0,
    "hasOther": false,
    "skipped": 0,
    "hasSkipped": false
  },
  "results": [
    {
      "uuid": "89199cd6-d0e6-43bb-b17f-69915cddcb16",
      "title": "",
      "fullFile": "cypress/e2e/spec.cy.js",
      "file": "cypress/e2e/spec.cy.js",
      "beforeHooks": [],
      "afterHooks": [],
      "tests": [],
      "suites": [
        {
          "uuid": "84433ed2-0dd7-45fa-94e5-b262cbd0e199",
          "title": "Acessar o site AdoPet",
          "fullFile": "",
          "file": "",
          "beforeHooks": [],
          "afterHooks": [],
          "tests": [
            {
              "title": "Area Home",
              "fullTitle": "Acessar o site AdoPet Area Home",
              "timedOut": null,
              "duration": 585,
              "state": "passed",
              "speed": "fast",
              "pass": true,
              "fail": false,
              "pending": false,
              "context": null,
              "code": "cy.visit('https://adopet-frontend-cypress.vercel.app/');",
              "err": {},
              "uuid": "65b5009c-ddf6-4468-9f20-cabb84ba9238",
              "parentUUID": "84433ed2-0dd7-45fa-94e5-b262cbd0e199",
              "isHook": false,
              "skipped": false
            }
          ],
          "suites": [],
          "passes": [
            "65b5009c-ddf6-4468-9f20-cabb84ba9238"
          ],
          "failures": [],
          "pending": [],
          "skipped": [],
          "duration": 585,
          "root": false,
          "rootEmpty": false,
          "_timeout": 2000
        }
      ],
      "passes": [],
      "failures": [],
      "pending": [],
      "skipped": [],
      "duration": 0,
      "root": true,
      "rootEmpty": true,
      "_timeout": 2000
    }
  ],
  "meta": {
    "mocha": {
      "version": "7.0.1"
    },
    "mochawesome": {
      "options": {
        "quiet": false,
        "reportFilename": "mochawesome",
        "saveHtml": true,
        "saveJson": true,
        "consoleReporter": "spec",
        "useInlineDiffs": false,
        "code": true
      },
      "version": "7.1.3"
    },
    "marge": {
      "options": {
        "reportDir": "cypress/results",
        "overwrite": false,
        "html": true,
        "json": true,
        "timestamp": "mmddyyyy_HHMMss"
      },
      "version": "6.2.0"
    }
  }
}