{
  "stats": {
    "suites": 1,
    "tests": 1,
    "passes": 1,
    "pending": 0,
    "failures": 0,
    "start": "2024-08-07T12:04:09.889Z",
    "end": "2024-08-07T12:04:13.184Z",
    "duration": 3295,
    "testsRegistered": 1,
    "passPercent": 100,
    "pendingPercent": 0,
    "other": 0,
    "hasOther": false,
    "skipped": 0,
    "hasSkipped": false
  },
  "results": [
    {
      "uuid": "0ec2a082-b18e-4ddd-b5a2-1b4eaf49a0ea",
      "title": "",
      "fullFile": "cypress/e2e/login_correct.cy.js",
      "file": "cypress/e2e/login_correct.cy.js",
      "beforeHooks": [],
      "afterHooks": [],
      "tests": [],
      "suites": [
        {
          "uuid": "83a34a3f-6fc7-43a3-9a49-321f278268d4",
          "title": "Acessar o AdoPet",
          "fullFile": "",
          "file": "",
          "beforeHooks": [],
          "afterHooks": [],
          "tests": [
            {
              "title": "Fazer login com sucesso",
              "fullTitle": "Acessar o AdoPet Fazer login com sucesso",
              "timedOut": null,
              "duration": 1947,
              "state": "passed",
              "speed": "fast",
              "pass": true,
              "fail": false,
              "pending": false,
              "context": null,
              "code": "cy.get('[data-test=\"login-button\"]').click();\ncy.login('felipe@felipe.com', 'Senha123');",
              "err": {},
              "uuid": "5210cccd-6f8f-4f49-8df2-966d06537757",
              "parentUUID": "83a34a3f-6fc7-43a3-9a49-321f278268d4",
              "isHook": false,
              "skipped": false
            }
          ],
          "suites": [],
          "passes": [
            "5210cccd-6f8f-4f49-8df2-966d06537757"
          ],
          "failures": [],
          "pending": [],
          "skipped": [],
          "duration": 1947,
          "root": false,
          "rootEmpty": false,
          "_timeout": 2000
        }
      ],
      "passes": [],
      "failures": [],
      "pending": [],
      "skipped": [],
      "duration": 0,
      "root": true,
      "rootEmpty": true,
      "_timeout": 2000
    }
  ],
  "meta": {
    "mocha": {
      "version": "7.0.1"
    },
    "mochawesome": {
      "options": {
        "quiet": false,
        "reportFilename": "mochawesome",
        "saveHtml": true,
        "saveJson": true,
        "consoleReporter": "spec",
        "useInlineDiffs": false,
        "code": true
      },
      "version": "7.1.3"
    },
    "marge": {
      "options": {
        "reportDir": "cypress/results",
        "overwrite": false,
        "html": true,
        "json": true,
        "timestamp": "mmddyyyy_HHMMss"
      },
      "version": "6.2.0"
    }
  }
}