{
  "stats": {
    "suites": 1,
    "tests": 1,
    "passes": 1,
    "pending": 0,
    "failures": 0,
    "start": "2024-08-07T12:04:53.328Z",
    "end": "2024-08-07T12:04:55.413Z",
    "duration": 2085,
    "testsRegistered": 1,
    "passPercent": 100,
    "pendingPercent": 0,
    "other": 0,
    "hasOther": false,
    "skipped": 0,
    "hasSkipped": false
  },
  "results": [
    {
      "uuid": "b60da6f9-3eea-4137-86ba-314ae89e684f",
      "title": "",
      "fullFile": "cypress/e2e/register_sad.cy.js",
      "file": "cypress/e2e/register_sad.cy.js",
      "beforeHooks": [],
      "afterHooks": [],
      "tests": [],
      "suites": [
        {
          "uuid": "42983a01-8e96-438e-b389-e83305375bd6",
          "title": "Acessar o AdoPet",
          "fullFile": "",
          "file": "",
          "beforeHooks": [],
          "afterHooks": [],
          "tests": [
            {
              "title": "Clicar em \"Cadastrar\" sem preencher o formulário de cadastro",
              "fullTitle": "Acessar o AdoPet Clicar em \"Cadastrar\" sem preencher o formulário de cadastro",
              "timedOut": null,
              "duration": 783,
              "state": "passed",
              "speed": "fast",
              "pass": true,
              "fail": false,
              "pending": false,
              "context": null,
              "code": "cy.get('[data-test=\"submit-button\"]').click();\ncy.contains('É necessário informar um endereço de email').should('be.visible');\n//or\ncy.get('form > :nth-child(5)').should('be.visible');\ncy.contains('Crie uma senha').should('be.visible');\n//or\ncy.get('form > :nth-child(8)').should('be.visible');\ncy.contains('Repita a senha criada acima').should('be.visible');\n//or\ncy.get('form > :nth-child(11)').should('be.visible');",
              "err": {},
              "uuid": "c4c0641e-85cd-4d2e-bbfb-cd12dc49be2e",
              "parentUUID": "42983a01-8e96-438e-b389-e83305375bd6",
              "isHook": false,
              "skipped": false
            }
          ],
          "suites": [],
          "passes": [
            "c4c0641e-85cd-4d2e-bbfb-cd12dc49be2e"
          ],
          "failures": [],
          "pending": [],
          "skipped": [],
          "duration": 783,
          "root": false,
          "rootEmpty": false,
          "_timeout": 2000
        }
      ],
      "passes": [],
      "failures": [],
      "pending": [],
      "skipped": [],
      "duration": 0,
      "root": true,
      "rootEmpty": true,
      "_timeout": 2000
    }
  ],
  "meta": {
    "mocha": {
      "version": "7.0.1"
    },
    "mochawesome": {
      "options": {
        "quiet": false,
        "reportFilename": "mochawesome",
        "saveHtml": true,
        "saveJson": true,
        "consoleReporter": "spec",
        "useInlineDiffs": false,
        "code": true
      },
      "version": "7.1.3"
    },
    "marge": {
      "options": {
        "reportDir": "cypress/results",
        "overwrite": false,
        "html": true,
        "json": true,
        "timestamp": "mmddyyyy_HHMMss"
      },
      "version": "6.2.0"
    }
  }
}