{
  "stats": {
    "suites": 1,
    "tests": 1,
    "passes": 1,
    "pending": 0,
    "failures": 0,
    "start": "2024-08-07T11:57:13.801Z",
    "end": "2024-08-07T11:57:16.303Z",
    "duration": 2502,
    "testsRegistered": 1,
    "passPercent": 100,
    "pendingPercent": 0,
    "other": 0,
    "hasOther": false,
    "skipped": 0,
    "hasSkipped": false
  },
  "results": [
    {
      "uuid": "2d670681-0ee5-4951-8be4-be5b104bd08a",
      "title": "",
      "fullFile": "cypress/e2e/register_sad.cy.js",
      "file": "cypress/e2e/register_sad.cy.js",
      "beforeHooks": [],
      "afterHooks": [],
      "tests": [],
      "suites": [
        {
          "uuid": "29069e8f-90f8-417d-bfe5-f57998e9db3c",
          "title": "Acessar o AdoPet",
          "fullFile": "",
          "file": "",
          "beforeHooks": [],
          "afterHooks": [],
          "tests": [
            {
              "title": "Clicar em \"Cadastrar\" sem preencher o formulário de cadastro",
              "fullTitle": "Acessar o AdoPet Clicar em \"Cadastrar\" sem preencher o formulário de cadastro",
              "timedOut": null,
              "duration": 810,
              "state": "passed",
              "speed": "fast",
              "pass": true,
              "fail": false,
              "pending": false,
              "context": null,
              "code": "cy.get('[data-test=\"submit-button\"]').click();\ncy.contains('É necessário informar um endereço de email').should('be.visible');\n//or\ncy.get('form > :nth-child(5)').should('be.visible');\ncy.contains('Crie uma senha').should('be.visible');\n//or\ncy.get('form > :nth-child(8)').should('be.visible');\ncy.contains('Repita a senha criada acima').should('be.visible');\n//or\ncy.get('form > :nth-child(11)').should('be.visible');",
              "err": {},
              "uuid": "b7830f84-2334-44da-a052-d2c1581ac50b",
              "parentUUID": "29069e8f-90f8-417d-bfe5-f57998e9db3c",
              "isHook": false,
              "skipped": false
            }
          ],
          "suites": [],
          "passes": [
            "b7830f84-2334-44da-a052-d2c1581ac50b"
          ],
          "failures": [],
          "pending": [],
          "skipped": [],
          "duration": 810,
          "root": false,
          "rootEmpty": false,
          "_timeout": 2000
        }
      ],
      "passes": [],
      "failures": [],
      "pending": [],
      "skipped": [],
      "duration": 0,
      "root": true,
      "rootEmpty": true,
      "_timeout": 2000
    }
  ],
  "meta": {
    "mocha": {
      "version": "7.0.1"
    },
    "mochawesome": {
      "options": {
        "quiet": false,
        "reportFilename": "mochawesome",
        "saveHtml": true,
        "saveJson": true,
        "consoleReporter": "spec",
        "useInlineDiffs": false,
        "code": true
      },
      "version": "7.1.3"
    },
    "marge": {
      "options": {
        "reportDir": "cypress/results",
        "overwrite": false,
        "html": true,
        "json": true,
        "timestamp": "mmddyyyy_HHMMss"
      },
      "version": "6.2.0"
    }
  }
}